This file contains any messages produced by compilers while
running configure, to aid debugging if configure makes a mistake.

It was created by configure, which was
generated by GNU Autoconf 2.59.  Invocation command line was

  $ ./configure --host=mipsel --with-libnet --disable-libglib --prefix=/opt/toolchain-rt3883/

## --------- ##
## Platform. ##
## --------- ##

hostname = pant
uname -m = x86_64
uname -r = 3.0.0-21-generic
uname -s = Linux
uname -v = #35-Ubuntu SMP Fri May 25 17:57:41 UTC 2012

/usr/bin/uname -p = unknown
/bin/uname -X     = unknown

/bin/arch              = unknown
/usr/bin/arch -k       = unknown
/usr/convex/getsysinfo = unknown
hostinfo               = unknown
/bin/machine           = unknown
/usr/bin/oslevel       = unknown
/bin/universe          = unknown

PATH: /home/vlad/bin
PATH: /home/vlad/bin
PATH: /home/vlad/.rbenv/shims
PATH: /home/vlad/.rbenv/bin
PATH: /home/vlad/bin
PATH: /usr/lib/lightdm/lightdm
PATH: /opt/jre/bin
PATH: /usr/local/sbin
PATH: /usr/local/bin
PATH: /usr/sbin
PATH: /usr/bin
PATH: /sbin
PATH: /bin
PATH: /usr/games


## ----------- ##
## Core tests. ##
## ----------- ##

configure:1364: checking build system type
configure:1382: result: x86_64-unknown-linux-gnu
configure:1390: checking host system type
configure:1404: result: mipsel-unknown-elf
configure:1412: checking target system type
configure:1426: result: mipsel-unknown-elf
configure:1460: checking for mipsel-gcc
configure:1486: result: /opt/toolchain-rt3883/bin/mipsel-linux-uclibc-gcc
configure:1768: checking for C compiler version
configure:1771: /opt/toolchain-rt3883/bin/mipsel-linux-uclibc-gcc --version </dev/null >&5
mipsel-linux-uclibc-gcc (GCC) 4.4.7
Copyright (C) 2010 Free Software Foundation, Inc.
This is free software; see the source for copying conditions.  There is NO
warranty; not even for MERCHANTABILITY or FITNESS FOR A PARTICULAR PURPOSE.

configure:1774: $? = 0
configure:1776: /opt/toolchain-rt3883/bin/mipsel-linux-uclibc-gcc -v </dev/null >&5
Using built-in specs.
Target: mipsel-linux-uclibc
Configured with: ../gcc-4.4.7/configure --target=mipsel-linux-uclibc --prefix=/opt/toolchain-rt3883 --with-gnu-ld --with-gnu-as --disable-shared --disable-tls --disable-libmudflap --disable-libssp --disable-sanity-checks --disable-werror --disable-lto --enable-ld=yes --enable-gold=no --disable-libgomp --disable-threads --disable-nls --with-sysroot=/opt/toolchain-rt3883 --enable-version-specific-runtime-libs --enable-languages=c++
Thread model: single
gcc version 4.4.7 (GCC) 
configure:1779: $? = 0
configure:1781: /opt/toolchain-rt3883/bin/mipsel-linux-uclibc-gcc -V </dev/null >&5
mipsel-linux-uclibc-gcc: '-V' option must have argument
configure:1784: $? = 1
configure:1807: checking for C compiler default output file name
configure:1810: /opt/toolchain-rt3883/bin/mipsel-linux-uclibc-gcc    conftest.c  >&5
configure:1813: $? = 0
configure:1859: result: a.out
configure:1864: checking whether the C compiler works
configure:1870: ./a.out
./configure: line 1871: ./a.out: cannot execute binary file
configure:1873: $? = 126
configure:1890: result: yes
configure:1897: checking whether we are cross compiling
configure:1899: result: yes
configure:1902: checking for suffix of executables
configure:1904: /opt/toolchain-rt3883/bin/mipsel-linux-uclibc-gcc -o conftest    conftest.c  >&5
configure:1907: $? = 0
configure:1932: result: 
configure:1938: checking for suffix of object files
configure:1959: /opt/toolchain-rt3883/bin/mipsel-linux-uclibc-gcc -c   conftest.c >&5
configure:1962: $? = 0
configure:1984: result: o
configure:1988: checking whether we are using the GNU C compiler
configure:2012: /opt/toolchain-rt3883/bin/mipsel-linux-uclibc-gcc -c   conftest.c >&5
configure:2018: $? = 0
configure:2021: test -z 			 || test ! -s conftest.err
configure:2024: $? = 0
configure:2027: test -s conftest.o
configure:2030: $? = 0
configure:2043: result: yes
configure:2049: checking whether /opt/toolchain-rt3883/bin/mipsel-linux-uclibc-gcc accepts -g
configure:2070: /opt/toolchain-rt3883/bin/mipsel-linux-uclibc-gcc -c -g  conftest.c >&5
configure:2076: $? = 0
configure:2079: test -z 			 || test ! -s conftest.err
configure:2082: $? = 0
configure:2085: test -s conftest.o
configure:2088: $? = 0
configure:2099: result: yes
configure:2116: checking for /opt/toolchain-rt3883/bin/mipsel-linux-uclibc-gcc option to accept ANSI C
configure:2186: /opt/toolchain-rt3883/bin/mipsel-linux-uclibc-gcc  -c -g -O2  conftest.c >&5
configure:2192: $? = 0
configure:2195: test -z 			 || test ! -s conftest.err
configure:2198: $? = 0
configure:2201: test -s conftest.o
configure:2204: $? = 0
configure:2222: result: none needed
configure:2240: /opt/toolchain-rt3883/bin/mipsel-linux-uclibc-gcc -c -g -O2  conftest.c >&5
conftest.c:2: error: expected '=', ',', ';', 'asm' or '__attribute__' before 'me'
configure:2246: $? = 1
configure: failed program was:
| #ifndef __cplusplus
|   choke me
| #endif
configure:2379: checking for mipsel-ranlib
configure:2405: result: /opt/toolchain-rt3883/bin/mipsel-linux-uclibc-ranlib
configure:2469: checking for a BSD-compatible install
configure:2524: result: /usr/bin/install -c
configure:2542: checking how to run the C preprocessor
configure:2577: /opt/toolchain-rt3883/bin/mipsel-linux-uclibc-gcc -E  conftest.c
configure:2583: $? = 0
configure:2615: /opt/toolchain-rt3883/bin/mipsel-linux-uclibc-gcc -E  conftest.c
conftest.c:9:28: error: ac_nonexistent.h: No such file or directory
configure:2621: $? = 1
configure: failed program was:
| /* confdefs.h.  */
| 
| #define PACKAGE_NAME ""
| #define PACKAGE_TARNAME ""
| #define PACKAGE_VERSION ""
| #define PACKAGE_STRING ""
| #define PACKAGE_BUGREPORT ""
| /* end confdefs.h.  */
| #include <ac_nonexistent.h>
configure:2660: result: /opt/toolchain-rt3883/bin/mipsel-linux-uclibc-gcc -E
configure:2684: /opt/toolchain-rt3883/bin/mipsel-linux-uclibc-gcc -E  conftest.c
configure:2690: $? = 0
configure:2722: /opt/toolchain-rt3883/bin/mipsel-linux-uclibc-gcc -E  conftest.c
conftest.c:9:28: error: ac_nonexistent.h: No such file or directory
configure:2728: $? = 1
configure: failed program was:
| /* confdefs.h.  */
| 
| #define PACKAGE_NAME ""
| #define PACKAGE_TARNAME ""
| #define PACKAGE_VERSION ""
| #define PACKAGE_STRING ""
| #define PACKAGE_BUGREPORT ""
| /* end confdefs.h.  */
| #include <ac_nonexistent.h>
configure:2772: checking for egrep
configure:2782: result: grep -E
configure:2787: checking for ANSI C header files
configure:2812: /opt/toolchain-rt3883/bin/mipsel-linux-uclibc-gcc -c -g -O2  conftest.c >&5
configure:2818: $? = 0
configure:2821: test -z 			 || test ! -s conftest.err
configure:2824: $? = 0
configure:2827: test -s conftest.o
configure:2830: $? = 0
configure:2942: result: yes
configure:2966: checking for sys/types.h
configure:2982: /opt/toolchain-rt3883/bin/mipsel-linux-uclibc-gcc -c -g -O2  conftest.c >&5
configure:2988: $? = 0
configure:2991: test -z 			 || test ! -s conftest.err
configure:2994: $? = 0
configure:2997: test -s conftest.o
configure:3000: $? = 0
configure:3011: result: yes
configure:2966: checking for sys/stat.h
configure:2982: /opt/toolchain-rt3883/bin/mipsel-linux-uclibc-gcc -c -g -O2  conftest.c >&5
configure:2988: $? = 0
configure:2991: test -z 			 || test ! -s conftest.err
configure:2994: $? = 0
configure:2997: test -s conftest.o
configure:3000: $? = 0
configure:3011: result: yes
configure:2966: checking for stdlib.h
configure:2982: /opt/toolchain-rt3883/bin/mipsel-linux-uclibc-gcc -c -g -O2  conftest.c >&5
configure:2988: $? = 0
configure:2991: test -z 			 || test ! -s conftest.err
configure:2994: $? = 0
configure:2997: test -s conftest.o
configure:3000: $? = 0
configure:3011: result: yes
configure:2966: checking for string.h
configure:2982: /opt/toolchain-rt3883/bin/mipsel-linux-uclibc-gcc -c -g -O2  conftest.c >&5
configure:2988: $? = 0
configure:2991: test -z 			 || test ! -s conftest.err
configure:2994: $? = 0
configure:2997: test -s conftest.o
configure:3000: $? = 0
configure:3011: result: yes
configure:2966: checking for memory.h
configure:2982: /opt/toolchain-rt3883/bin/mipsel-linux-uclibc-gcc -c -g -O2  conftest.c >&5
configure:2988: $? = 0
configure:2991: test -z 			 || test ! -s conftest.err
configure:2994: $? = 0
configure:2997: test -s conftest.o
configure:3000: $? = 0
configure:3011: result: yes
configure:2966: checking for strings.h
configure:2982: /opt/toolchain-rt3883/bin/mipsel-linux-uclibc-gcc -c -g -O2  conftest.c >&5
configure:2988: $? = 0
configure:2991: test -z 			 || test ! -s conftest.err
configure:2994: $? = 0
configure:2997: test -s conftest.o
configure:3000: $? = 0
configure:3011: result: yes
configure:2966: checking for inttypes.h
configure:2982: /opt/toolchain-rt3883/bin/mipsel-linux-uclibc-gcc -c -g -O2  conftest.c >&5
configure:2988: $? = 0
configure:2991: test -z 			 || test ! -s conftest.err
configure:2994: $? = 0
configure:2997: test -s conftest.o
configure:3000: $? = 0
configure:3011: result: yes
configure:2966: checking for stdint.h
configure:2982: /opt/toolchain-rt3883/bin/mipsel-linux-uclibc-gcc -c -g -O2  conftest.c >&5
configure:2988: $? = 0
configure:2991: test -z 			 || test ! -s conftest.err
configure:2994: $? = 0
configure:2997: test -s conftest.o
configure:3000: $? = 0
configure:3011: result: yes
configure:2966: checking for unistd.h
configure:2982: /opt/toolchain-rt3883/bin/mipsel-linux-uclibc-gcc -c -g -O2  conftest.c >&5
configure:2988: $? = 0
configure:2991: test -z 			 || test ! -s conftest.err
configure:2994: $? = 0
configure:2997: test -s conftest.o
configure:3000: $? = 0
configure:3011: result: yes
configure:3039: checking sys/time.h usability
configure:3051: /opt/toolchain-rt3883/bin/mipsel-linux-uclibc-gcc -c -g -O2  conftest.c >&5
configure:3057: $? = 0
configure:3060: test -z 			 || test ! -s conftest.err
configure:3063: $? = 0
configure:3066: test -s conftest.o
configure:3069: $? = 0
configure:3079: result: yes
configure:3083: checking sys/time.h presence
configure:3093: /opt/toolchain-rt3883/bin/mipsel-linux-uclibc-gcc -E  conftest.c
configure:3099: $? = 0
configure:3119: result: yes
configure:3154: checking for sys/time.h
configure:3161: result: yes
configure:3039: checking syslog.h usability
configure:3051: /opt/toolchain-rt3883/bin/mipsel-linux-uclibc-gcc -c -g -O2  conftest.c >&5
configure:3057: $? = 0
configure:3060: test -z 			 || test ! -s conftest.err
configure:3063: $? = 0
configure:3066: test -s conftest.o
configure:3069: $? = 0
configure:3079: result: yes
configure:3083: checking syslog.h presence
configure:3093: /opt/toolchain-rt3883/bin/mipsel-linux-uclibc-gcc -E  conftest.c
configure:3099: $? = 0
configure:3119: result: yes
configure:3154: checking for syslog.h
configure:3161: result: yes
configure:3030: checking for unistd.h
configure:3035: result: yes
configure:3175: checking for an ANSI C-conforming const
configure:3242: /opt/toolchain-rt3883/bin/mipsel-linux-uclibc-gcc -c -g -O2  conftest.c >&5
configure:3248: $? = 0
configure:3251: test -z 			 || test ! -s conftest.err
configure:3254: $? = 0
configure:3257: test -s conftest.o
configure:3260: $? = 0
configure:3271: result: yes
configure:3281: checking for inline
configure:3302: /opt/toolchain-rt3883/bin/mipsel-linux-uclibc-gcc -c -g -O2  conftest.c >&5
configure:3308: $? = 0
configure:3311: test -z 			 || test ! -s conftest.err
configure:3314: $? = 0
configure:3317: test -s conftest.o
configure:3320: $? = 0
configure:3332: result: inline
configure:3351: checking whether time.h and sys/time.h may both be included
configure:3376: /opt/toolchain-rt3883/bin/mipsel-linux-uclibc-gcc -c -g -O2  conftest.c >&5
configure:3382: $? = 0
configure:3385: test -z 			 || test ! -s conftest.err
configure:3388: $? = 0
configure:3391: test -s conftest.o
configure:3394: $? = 0
configure:3405: result: yes
configure:3415: checking whether byte ordering is bigendian
configure:3442: /opt/toolchain-rt3883/bin/mipsel-linux-uclibc-gcc -c -g -O2  conftest.c >&5
configure:3448: $? = 0
configure:3451: test -z 			 || test ! -s conftest.err
configure:3454: $? = 0
configure:3457: test -s conftest.o
configure:3460: $? = 0
configure:3484: /opt/toolchain-rt3883/bin/mipsel-linux-uclibc-gcc -c -g -O2  conftest.c >&5
conftest.c: In function 'main':
conftest.c:30: error: 'not' undeclared (first use in this function)
conftest.c:30: error: (Each undeclared identifier is reported only once
conftest.c:30: error: for each function it appears in.)
conftest.c:30: error: expected ';' before 'big'
configure:3490: $? = 1
configure: failed program was:
| /* confdefs.h.  */
| 
| #define PACKAGE_NAME ""
| #define PACKAGE_TARNAME ""
| #define PACKAGE_VERSION ""
| #define PACKAGE_STRING ""
| #define PACKAGE_BUGREPORT ""
| #define STDC_HEADERS 1
| #define HAVE_SYS_TYPES_H 1
| #define HAVE_SYS_STAT_H 1
| #define HAVE_STDLIB_H 1
| #define HAVE_STRING_H 1
| #define HAVE_MEMORY_H 1
| #define HAVE_STRINGS_H 1
| #define HAVE_INTTYPES_H 1
| #define HAVE_STDINT_H 1
| #define HAVE_UNISTD_H 1
| #define HAVE_SYS_TIME_H 1
| #define HAVE_SYSLOG_H 1
| #define HAVE_UNISTD_H 1
| #define TIME_WITH_SYS_TIME 1
| /* end confdefs.h.  */
| #include <sys/types.h>
| #include <sys/param.h>
| 
| int
| main ()
| {
| #if BYTE_ORDER != BIG_ENDIAN
|  not big endian
| #endif
| 
|   ;
|   return 0;
| }
configure:3623: result: no
configure:3648: checking for gettimeofday
configure:3705: /opt/toolchain-rt3883/bin/mipsel-linux-uclibc-gcc -o conftest -g -O2 -D_BSD_SOURCE   conftest.c  >&5
configure:3711: $? = 0
configure:3714: test -z 			 || test ! -s conftest.err
configure:3717: $? = 0
configure:3720: test -s conftest
configure:3723: $? = 0
configure:3735: result: yes
configure:3746: checking for socket in -lsocket
configure:3776: /opt/toolchain-rt3883/bin/mipsel-linux-uclibc-gcc -o conftest -g -O2 -D_BSD_SOURCE   conftest.c -lsocket   >&5
/opt/toolchain-rt3883/lib/gcc/mipsel-linux-uclibc/4.4.7/../../../../mipsel-linux-uclibc/bin/ld: cannot find -lsocket
collect2: ld returned 1 exit status
configure:3782: $? = 1
configure: failed program was:
| /* confdefs.h.  */
| 
| #define PACKAGE_NAME ""
| #define PACKAGE_TARNAME ""
| #define PACKAGE_VERSION ""
| #define PACKAGE_STRING ""
| #define PACKAGE_BUGREPORT ""
| #define STDC_HEADERS 1
| #define HAVE_SYS_TYPES_H 1
| #define HAVE_SYS_STAT_H 1
| #define HAVE_STDLIB_H 1
| #define HAVE_STRING_H 1
| #define HAVE_MEMORY_H 1
| #define HAVE_STRINGS_H 1
| #define HAVE_INTTYPES_H 1
| #define HAVE_STDINT_H 1
| #define HAVE_UNISTD_H 1
| #define HAVE_SYS_TIME_H 1
| #define HAVE_SYSLOG_H 1
| #define HAVE_UNISTD_H 1
| #define TIME_WITH_SYS_TIME 1
| #define HAVE_GETTIMEOFDAY 1
| /* end confdefs.h.  */
| 
| /* Override any gcc2 internal prototype to avoid an error.  */
| #ifdef __cplusplus
| extern "C"
| #endif
| /* We use char because int might match the return type of a gcc2
|    builtin and then its argument prototype would still apply.  */
| char socket ();
| int
| main ()
| {
| socket ();
|   ;
|   return 0;
| }
configure:3807: result: no
configure:3819: checking for gethostbyname in -lnsl
configure:3849: /opt/toolchain-rt3883/bin/mipsel-linux-uclibc-gcc -o conftest -g -O2 -D_BSD_SOURCE   conftest.c -lnsl   >&5
configure:3855: $? = 0
configure:3858: test -z 			 || test ! -s conftest.err
configure:3861: $? = 0
configure:3864: test -s conftest
configure:3867: $? = 0
configure:3880: result: yes
configure:3908: checking for libpcap
configure:3998: result: yes
configure:4009: result: skipping glib2 support
configure:4363: checking for libnet
configure:4491: result: yes
configure:4505: checking whether to build shared library
configure:4527: result: no
configure:4533: checking the name of struct icmp
configure:4554: /opt/toolchain-rt3883/bin/mipsel-linux-uclibc-gcc -c -g -O2 -D_BSD_SOURCE  conftest.c >&5
configure:4560: $? = 0
configure:4563: test -z 			 || test ! -s conftest.err
configure:4566: $? = 0
configure:4569: test -s conftest.o
configure:4572: $? = 0
configure:4584: result: struct icmphdr
configure:4588: checking if tcp states are defined
configure:4608: /opt/toolchain-rt3883/bin/mipsel-linux-uclibc-gcc -c -g -O2 -D_BSD_SOURCE  conftest.c >&5
configure:4614: $? = 0
configure:4617: test -z 			 || test ! -s conftest.err
configure:4620: $? = 0
configure:4623: test -s conftest.o
configure:4626: $? = 0
configure:4638: result: yes
configure:4643: checking for bsd-ish struct udphdr
configure:4663: /opt/toolchain-rt3883/bin/mipsel-linux-uclibc-gcc -c -g -O2 -D_BSD_SOURCE  conftest.c >&5
configure:4669: $? = 0
configure:4672: test -z 			 || test ! -s conftest.err
configure:4675: $? = 0
configure:4678: test -s conftest.o
configure:4681: $? = 0
configure:4693: result: yes
configure:4700: checking libnet version
configure:4718: /opt/toolchain-rt3883/bin/mipsel-linux-uclibc-gcc -c -g -O2 -D_BSD_SOURCE   conftest.c >&5
conftest.c: In function 'main':
conftest.c:30: error: 'LIBNET_PTAG_INITIALIZER' undeclared (first use in this function)
conftest.c:30: error: (Each undeclared identifier is reported only once
conftest.c:30: error: for each function it appears in.)
configure:4724: $? = 1
configure: failed program was:
| /* confdefs.h.  */
| 
| #define PACKAGE_NAME ""
| #define PACKAGE_TARNAME ""
| #define PACKAGE_VERSION ""
| #define PACKAGE_STRING ""
| #define PACKAGE_BUGREPORT ""
| #define STDC_HEADERS 1
| #define HAVE_SYS_TYPES_H 1
| #define HAVE_SYS_STAT_H 1
| #define HAVE_STDLIB_H 1
| #define HAVE_STRING_H 1
| #define HAVE_MEMORY_H 1
| #define HAVE_STRINGS_H 1
| #define HAVE_INTTYPES_H 1
| #define HAVE_STDINT_H 1
| #define HAVE_UNISTD_H 1
| #define HAVE_SYS_TIME_H 1
| #define HAVE_SYSLOG_H 1
| #define HAVE_UNISTD_H 1
| #define TIME_WITH_SYS_TIME 1
| #define HAVE_GETTIMEOFDAY 1
| #define HAVE_LIBNSL 1
| #define LBL_ALIGN 1
| /* end confdefs.h.  */
| #include <libnet.h>
| int
| main ()
| {
| int c=LIBNET_PTAG_INITIALIZER
|   ;
|   return 0;
| }
configure:4749: result: looks old
configure:4850: creating ./config.status

## ---------------------- ##
## Running config.status. ##
## ---------------------- ##

This file was extended by config.status, which was
generated by GNU Autoconf 2.59.  Invocation command line was

  CONFIG_FILES    = 
  CONFIG_HEADERS  = 
  CONFIG_LINKS    = 
  CONFIG_COMMANDS = 
  $ ./config.status 

on pant

config.status:719: creating Makefile
config.status:719: creating src/Makefile
config.status:719: creating samples/Makefile
config.status:785: creating src/config.h
config.status:901: src/config.h is unchanged

## ---------------- ##
## Cache variables. ##
## ---------------- ##

ac_cv_build=x86_64-unknown-linux-gnu
ac_cv_build_alias=x86_64-unknown-linux-gnu
ac_cv_c_bigendian=no
ac_cv_c_compiler_gnu=yes
ac_cv_c_const=yes
ac_cv_c_inline=inline
ac_cv_env_CC_set=set
ac_cv_env_CC_value=/opt/toolchain-rt3883/bin/mipsel-linux-uclibc-gcc
ac_cv_env_CFLAGS_set=
ac_cv_env_CFLAGS_value=
ac_cv_env_CPPFLAGS_set=
ac_cv_env_CPPFLAGS_value=
ac_cv_env_CPP_set=
ac_cv_env_CPP_value=
ac_cv_env_GLIB_CFLAGS_set=
ac_cv_env_GLIB_CFLAGS_value=
ac_cv_env_GLIB_LIBS_set=
ac_cv_env_GLIB_LIBS_value=
ac_cv_env_GTHREAD_CFLAGS_set=
ac_cv_env_GTHREAD_CFLAGS_value=
ac_cv_env_GTHREAD_LIBS_set=
ac_cv_env_GTHREAD_LIBS_value=
ac_cv_env_LDFLAGS_set=
ac_cv_env_LDFLAGS_value=
ac_cv_env_PKG_CONFIG_set=
ac_cv_env_PKG_CONFIG_value=
ac_cv_env_build_alias_set=
ac_cv_env_build_alias_value=
ac_cv_env_host_alias_set=set
ac_cv_env_host_alias_value=mipsel
ac_cv_env_target_alias_set=
ac_cv_env_target_alias_value=
ac_cv_exeext=
ac_cv_func_gettimeofday=yes
ac_cv_header_inttypes_h=yes
ac_cv_header_memory_h=yes
ac_cv_header_stdc=yes
ac_cv_header_stdint_h=yes
ac_cv_header_stdlib_h=yes
ac_cv_header_string_h=yes
ac_cv_header_strings_h=yes
ac_cv_header_sys_stat_h=yes
ac_cv_header_sys_time_h=yes
ac_cv_header_sys_types_h=yes
ac_cv_header_syslog_h=yes
ac_cv_header_time=yes
ac_cv_header_unistd_h=yes
ac_cv_host=mipsel-unknown-elf
ac_cv_host_alias=mipsel
ac_cv_lbl_unaligned_fail=yes
ac_cv_lib_nsl_gethostbyname=yes
ac_cv_lib_socket_socket=no
ac_cv_objext=o
ac_cv_path_install='/usr/bin/install -c'
ac_cv_prog_CC=/opt/toolchain-rt3883/bin/mipsel-linux-uclibc-gcc
ac_cv_prog_CPP='/opt/toolchain-rt3883/bin/mipsel-linux-uclibc-gcc -E'
ac_cv_prog_RANLIB=/opt/toolchain-rt3883/bin/mipsel-linux-uclibc-ranlib
ac_cv_prog_cc_g=yes
ac_cv_prog_cc_stdc=
ac_cv_prog_egrep='grep -E'
ac_cv_target=mipsel-unknown-elf
ac_cv_target_alias=mipsel

## ----------------- ##
## Output variables. ##
## ----------------- ##

BUILD_SHARED=''
CC='/opt/toolchain-rt3883/bin/mipsel-linux-uclibc-gcc'
CFLAGS='-g -O2 -D_BSD_SOURCE'
CPP='/opt/toolchain-rt3883/bin/mipsel-linux-uclibc-gcc -E'
CPPFLAGS=''
DEFS='-DHAVE_CONFIG_H'
ECHO_C=''
ECHO_N='-n'
ECHO_T=''
EGREP='grep -E'
EXEEXT=''
GLIB_CFLAGS=''
GLIB_LIBS=''
GTHREAD_CFLAGS=''
GTHREAD_LIBS=''
HAVE_BSD_UDPHDR='1'
ICMPHEADER='1'
INSTALL_DATA='${INSTALL} -m 644'
INSTALL_PROGRAM='${INSTALL}'
INSTALL_SCRIPT='${INSTALL}'
LDFLAGS=''
LIBNET_VER='0'
LIBOBJS=''
LIBS='-lnsl '
LNETLIB='-lnet'
LNET_CFLAGS=''
LTLIBOBJS=''
OBJEXT='o'
PACKAGE_BUGREPORT=''
PACKAGE_NAME=''
PACKAGE_STRING=''
PACKAGE_TARNAME=''
PACKAGE_VERSION=''
PATH_SEPARATOR=':'
PCAPLIB='-L/opt/toolchain-rt3883//lib -lpcap'
PCAP_CFLAGS='-I/opt/toolchain-rt3883//include'
PKG_CONFIG=''
RANLIB='/opt/toolchain-rt3883/bin/mipsel-linux-uclibc-ranlib'
SHELL='/bin/sh'
TCPSTATES='1'
ac_ct_CC=''
ac_ct_RANLIB=''
ac_pt_PKG_CONFIG=''
bindir='${exec_prefix}/bin'
build='x86_64-unknown-linux-gnu'
build_alias=''
build_cpu='x86_64'
build_os='linux-gnu'
build_vendor='unknown'
datadir='${prefix}/share'
exec_prefix='/opt/toolchain-rt3883/'
host='mipsel-unknown-elf'
host_alias='mipsel'
host_cpu='mipsel'
host_os='elf'
host_vendor='unknown'
includedir='${prefix}/include'
infodir='${prefix}/info'
libdir='${exec_prefix}/lib'
libexecdir='${exec_prefix}/libexec'
localstatedir='${prefix}/var'
mandir='${prefix}/man'
oldincludedir='/usr/include'
prefix='/opt/toolchain-rt3883/'
program_transform_name='s,x,x,'
sbindir='${exec_prefix}/sbin'
sharedstatedir='${prefix}/com'
sysconfdir='${prefix}/etc'
target='mipsel-unknown-elf'
target_alias=''
target_cpu='mipsel'
target_os='elf'
target_vendor='unknown'

## ----------- ##
## confdefs.h. ##
## ----------- ##

#define HAVE_GETTIMEOFDAY 1
#define HAVE_INTTYPES_H 1
#define HAVE_LIBNSL 1
#define HAVE_MEMORY_H 1
#define HAVE_STDINT_H 1
#define HAVE_STDLIB_H 1
#define HAVE_STRINGS_H 1
#define HAVE_STRING_H 1
#define HAVE_SYSLOG_H 1
#define HAVE_SYS_STAT_H 1
#define HAVE_SYS_TIME_H 1
#define HAVE_SYS_TYPES_H 1
#define HAVE_UNISTD_H 1
#define HAVE_UNISTD_H 1
#define LBL_ALIGN 1
#define PACKAGE_BUGREPORT ""
#define PACKAGE_NAME ""
#define PACKAGE_STRING ""
#define PACKAGE_TARNAME ""
#define PACKAGE_VERSION ""
#define STDC_HEADERS 1
#define TIME_WITH_SYS_TIME 1

configure: exit 0
